------------------------------
  Elements     Atomic Weight  
------------------------------
  1.	H          1.00800002
  2.	C         12.01099968
  3.	O         15.99899960
  4.	N         14.00699997
------------------------------


--------------------------------------------------------------------------------------------------------------
                                                Molecular        Temperature        Elements
  Species                  Phase  Charge         weight         Low      High       H       C       O       N
--------------------------------------------------------------------------------------------------------------
    1. H2                    G      0            2.016000    300.00   5000.00       2       0       0       0
    2. CH3CHOHCH3            G      0           60.095999    300.00   5000.00       8       3       1       0
    3. CH3COCH3              G      0           58.079999    300.00   5000.00       6       3       1       0
    4. N2                    G      0           28.014000    300.00   5000.00       0       0       0       2
--------------------------------------------------------------------------------------------------------------

------------------------------------------------------------------------------------------------------------------
  Species                  Shape       eps/kb          sigma             mu           alfa        zRot298         
------------------------------------------------------------------------------------------------------------------
    1. H2                    1        38.0000         2.9200         0.0000         0.7900       280.0000
    2. CH3CHOHCH3            2       443.2000         4.1200         0.0000         0.0000         1.0000
    3. CH3COCH3              2       411.0000         4.8200         0.0000         0.0000         1.0000
    4. N2                    1        38.0000         2.9200         0.0000         0.7900       280.0000
------------------------------------------------------------------------------------------------------------------


---------------------------------------------------------------------------------------
                                  CHEMICAL REACTIONS                                 

                         Units: [kmol, m3, s] and [cal/mol]                          
---------------------------------------------------------------------------------------


      1. N2  => N2 
         k:       1.000000e+01	    1.00      10000.00


