------------------------------
  Elements     Atomic Weight  
------------------------------
  1.	H          1.00800002
  2.	C         12.01099968
  3.	O         15.99899960
  4.	N         14.00699997
  5.	PD       106.40000000
------------------------------


----------------------------------------------------------------------------------------------------------------------
                                                Molecular        Temperature        Elements
  Species                  Phase  Charge         weight         Low      High       H       C       O       N      PD
----------------------------------------------------------------------------------------------------------------------
    1. H2                    G      0            2.016000    300.00   5000.00       2       0       0       0       0
    2. CH3CHOHCH3            G      0           60.095999    300.00   5000.00       8       3       1       0       0
    3. CH3COCH3              G      0           58.079999    300.00   5000.00       6       3       1       0       0
    4. N2                    G      0           28.014000    300.00   5000.00       0       0       0       2       0
    5. CO(S)                 S      0          106.400000    300.00   3000.00       0       0       0       0       1
    6. H(S)                  I      0          107.408000    300.00   3000.00       1       0       0       0       1
    7. CH3CHOHCH3(S)         S      0          166.495999    300.00   3000.00       8       3       1       0       1
    8. CH3COHCH3(S)          S      0          165.487999    300.00   3000.00       7       3       1       0       1
    9. CH3CHOCH3(S)          S      0          165.487999    300.00   3000.00       7       3       1       0       1
   10. CH3COCH3(S)           S      0          164.479999    300.00   3000.00       6       3       1       0       1
----------------------------------------------------------------------------------------------------------------------

---------------------------------------------------------------------------------------
                                SURFACE MECHANISM                                    
---------------------------------------------------------------------------------------

       Number of materials:       1
       Number of site phases:     1
       Number of bulk phases:     0
       Number of surface species: 6
       Number of bulk species:    0

       Materials: 
       MAT-1

       ------------------------------------------------------------------------------------------------------------------
       Site phases:        density[mol/cm2]     sites      global-index   local-index   internal-index
       ------------------------------------------------------------------------------------------------------------------
       1. Co(s)            2.490000e-09     
             Co(s)                            1.000000         5              1              1              
             H(s)                             1.000000         6              2              2              
             CH3CHOHCH3(s)                     1.000000         7              3              3              
             CH3COHCH3(s)                     1.000000         8              4              4              
             CH3CHOCH3(s)                     1.000000         9              5              5              
             CH3COCH3(s)                      1.000000         10             6              6              

--------------------------------------------------------------------------------------------------------
                                  CHEMICAL REACTIONS                                                  

                         Units: [kmol, m3, s] and [cal/mol]                                           
--------------------------------------------------------------------------------------------------------


      1. H2 + 2Co(s)  => 2H(s) 
         k:       1.000000e+09	    1.00          0.00


      2. 2H(s)  => H2 + 2Co(s) 
         k:       1.000000e+12	    1.00      10810.00


      3. CH3CHOHCH3 + Co(s)  => CH3CHOHCH3(s) 
         k:       1.000000e+10	    1.00        690.00


      4. CH3CHOHCH3(s)  => CH3CHOHCH3 + Co(s) 
         k:       1.000000e+13	    1.00          0.00


      5. Co(s) + CH3CHOHCH3(s)  => H(s) + CH3COHCH3(s) 
         k:       1.000000e+12	    1.00      21390.00


      6. H(s) + CH3COHCH3(s)  => Co(s) + CH3CHOHCH3(s) 
         k:       1.000000e+12	    1.00      13570.00


      7. Co(s) + CH3CHOHCH3(s)  => H(s) + CH3CHOCH3(s) 
         k:       1.000000e+12	    1.00      13570.00


      8. H(s) + CH3CHOCH3(s)  => Co(s) + CH3CHOHCH3(s) 
         k:       1.000000e+12	    1.00      31510.00


      9. Co(s) + CH3COHCH3(s)  => H(s) + CH3COCH3(s) 
         k:       1.000000e+12	    1.00      11500.00


     10. H(s) + CH3COCH3(s)  => Co(s) + CH3COHCH3(s) 
         k:       1.000000e+12	    1.00      28060.00


     11. Co(s) + CH3CHOCH3(s)  => H(s) + CH3COCH3(s) 
         k:       1.000000e+12	    1.00      16790.00


     12. H(s) + CH3COCH3(s)  => Co(s) + CH3CHOCH3(s) 
         k:       1.000000e+12	    1.00       7590.00


     13. CH3COCH3(s)  => CH3COCH3 + Co(s) 
         k:       1.000000e+13	    1.00          0.00


     14. CH3COCH3 + Co(s)  => CH3COCH3(s) 
         k:       1.000000e+10	    1.00       2300.00


