 ====================================================================================================
   THERMO TABLE FOR MOLECULE H2
 ====================================================================================================
   Elemental Composition:
     H 2
   Formation Enthalpy at 298K =          -0.000449976 kcal/mol
   Formation Free Gibbs Energy at 298K = -9.29996 kcal/mol
   Molecular Weight =                    2.016 kg/kmol
 -----------------------------------------------------------------------------------------------------
   Temperature       Cp             H             G            S             DH            DG         
       [K]       [cal/mol/K]    [kcal/mol]    [kcal/mol]  [cal/(mol-K)]  [kcal/mol]     [kcal/mol]    
 -----------------------------------------------------------------------------------------------------
     300.0000      6.9011        0.0134        -9.3624       31.2526       0.0138        -0.0625       
     600.0000      7.0202        2.1054        -19.5435      36.0814       2.1058        -10.2435      
     800.0000      7.0693        3.5138        -26.9718      38.1069       3.5142        -17.6718      
     1000.0000     7.2078        4.9390        -34.7575      39.6965       4.9394        -25.4576      
     1200.0000     7.4268        6.4027        -42.8336      41.0302       6.4031        -33.5336      
     1400.0000     7.6337        7.9089        -51.1581      42.1907       7.9094        -41.8582      
     1600.0000     7.8285        9.4553        -59.7014      43.2229       9.4558        -50.4014      
     1800.0000     8.0111        11.0395       -68.4407      44.1557       11.0399       -59.1407      
     2000.0000     8.1818        12.6590       -77.3583      45.0087       12.6594       -68.0584      
     2200.0000     8.3408        14.3114       -86.4398      45.7960       14.3119       -77.1398      
     2400.0000     8.4884        15.9945       -95.6731      46.5282       15.9950       -86.3731      
     2600.0000     8.6252        17.7061       -105.0479     47.2131       17.7065       -95.7480      
 -----------------------------------------------------------------------------------------------------


 ====================================================================================================
   THERMO TABLE FOR MOLECULE CH3CHOHCH3
 ====================================================================================================
   Elemental Composition:
     C 3.0000
     H 8.0000
     O 1.0000
   Formation Enthalpy at 298K =          -51.5627 kcal/mol
   Formation Free Gibbs Energy at 298K = -72.4468 kcal/mol
   Molecular Weight =                    60.0960 kg/kmol
 -----------------------------------------------------------------------------------------------------
   Temperature       Cp             H             G            S             DH            DG         
       [K]       [cal/mol/K]    [kcal/mol]    [kcal/mol]  [cal/(mol-K)]  [kcal/mol]     [kcal/mol]    
 -----------------------------------------------------------------------------------------------------
     300.0000      17.9194       -51.5269      -72.5871      70.2006       0.0358        -0.1403       
     600.0000      29.2980       -44.3509      -96.1463      86.3256       7.2117        -23.6995      
     800.0000      34.9235       -37.9045      -114.3520     95.5593       13.6581       -41.9052      
     1000.0000     39.1939       -30.4720      -134.3062     103.8342      21.0907       -61.8594      
     1200.0000     42.3322       -22.3025      -155.8300     111.2729      29.2601       -83.3832      
     1400.0000     44.5816       -13.5976      -178.7665     117.9777      37.9650       -106.3196     
     1600.0000     46.2314       -4.5107       -202.9783     124.0422      47.0519       -130.5315     
     1800.0000     47.5683       4.8741        -228.3475     129.5675      56.4367       -155.9006     
     2000.0000     48.6379       14.4988       -254.7749     134.6369      66.0615       -182.3281     
     2200.0000     49.4822       24.3142       -282.1761     139.3138      75.8769       -209.7293     
     2400.0000     50.1397       34.2792       -310.4777     143.6487      85.8419       -238.0308     
     2600.0000     50.6455       44.3600       -339.6155     147.6829      95.9227       -267.1687     
 -----------------------------------------------------------------------------------------------------


 ====================================================================================================
   THERMO TABLE FOR MOLECULE CH3COCH3
 ====================================================================================================
   Elemental Composition:
     C 3.0000
     H 6.0000
     O 1.0000
   Formation Enthalpy at 298K =          -51.5627 kcal/mol
   Formation Free Gibbs Energy at 298K = -72.4468 kcal/mol
   Molecular Weight =                    58.0800 kg/kmol
 -----------------------------------------------------------------------------------------------------
   Temperature       Cp             H             G            S             DH            DG         
       [K]       [cal/mol/K]    [kcal/mol]    [kcal/mol]  [cal/(mol-K)]  [kcal/mol]     [kcal/mol]    
 -----------------------------------------------------------------------------------------------------
     300.0000      17.9194       -51.5269      -72.5871      70.2006       0.0358        -0.1403       
     600.0000      29.2980       -44.3509      -96.1463      86.3256       7.2117        -23.6995      
     800.0000      34.9235       -37.9045      -114.3520     95.5593       13.6581       -41.9052      
     1000.0000     39.1939       -30.4720      -134.3062     103.8342      21.0907       -61.8594      
     1200.0000     42.3322       -22.3025      -155.8300     111.2729      29.2601       -83.3832      
     1400.0000     44.5816       -13.5976      -178.7665     117.9777      37.9650       -106.3196     
     1600.0000     46.2314       -4.5107       -202.9783     124.0422      47.0519       -130.5315     
     1800.0000     47.5683       4.8741        -228.3475     129.5675      56.4367       -155.9006     
     2000.0000     48.6379       14.4988       -254.7749     134.6369      66.0615       -182.3281     
     2200.0000     49.4822       24.3142       -282.1761     139.3138      75.8769       -209.7293     
     2400.0000     50.1397       34.2792       -310.4777     143.6487      85.8419       -238.0308     
     2600.0000     50.6455       44.3600       -339.6155     147.6829      95.9227       -267.1687     
 -----------------------------------------------------------------------------------------------------


 ====================================================================================================
   THERMO TABLE FOR MOLECULE N2
 ====================================================================================================
   Elemental Composition:
     N 2.0000
   Formation Enthalpy at 298K =          -0.0007 kcal/mol
   Formation Free Gibbs Energy at 298K = -13.6385 kcal/mol
   Molecular Weight =                    28.0140 kg/kmol
 -----------------------------------------------------------------------------------------------------
   Temperature       Cp             H             G            S             DH            DG         
       [K]       [cal/mol/K]    [kcal/mol]    [kcal/mol]  [cal/(mol-K)]  [kcal/mol]     [kcal/mol]    
 -----------------------------------------------------------------------------------------------------
     300.0000      6.9485        0.0132        -13.7300      45.8108       0.0139        -0.0916       
     600.0000      7.1901        2.1285        -28.2849      50.6890       2.1292        -14.6465      
     800.0000      7.5026        3.5960        -38.6422      52.7977       3.5967        -25.0037      
     1000.0000     7.8295        5.1309        -49.3780      54.5089       5.1316        -35.7395      
     1200.0000     8.0555        6.7201        -60.4283      55.9570       6.7208        -46.7898      
     1400.0000     8.2395        8.3503        -71.7480      57.2131       8.3510        -58.1096      
     1600.0000     8.3880        10.0136       -83.3038      58.3234       10.0143       -69.6653      
     1800.0000     8.5065        11.7035       -95.0697      59.3184       11.7042       -81.4312      
     2000.0000     8.6005        13.4146       -107.0250     60.2198       13.4153       -93.3865      
     2200.0000     8.6746        15.1424       -119.1524     61.0431       15.1431       -105.5140     
     2400.0000     8.7331        16.8834       -131.4378     61.8005       16.8841       -117.7993     
     2600.0000     8.7796        18.6348       -143.8689     62.5014       18.6355       -130.2304     
 -----------------------------------------------------------------------------------------------------


