 ----------------------------------------------------------------------------------------------------------------------------------------------------------------------------------------------------------------------------------------------------------
                     SPECIFIC HEAT COEFFICIENTS                                                                     

             Cp = A + B*T + C*T^2 + D*T^3 + E*T^4  [J/kg/K]                                                         

    Species                      Cp(298K)         Cp(1000K)          LT-HT            A(LT)            B(LT)            C(LT)            D(LT)            E(LT)             A(HT)           B(HT)            C(HT)            D(HT)           E(HT)      
 ----------------------------------------------------------------------------------------------------------------------------------------------------------------------------------------------------------------------------------------------------------

    1. H2                       1.432099e+04     1.496067e+04     1.000000e+03     1.360225e+04     3.402265e+00    -3.358372e-03    -3.907894e-07     1.705319e-09     1.233733e+04     2.887232e+00    -2.323524e-04    -3.807322e-08     6.527644e-12
    2. CH3CHOHCH3               1.241538e+03     2.729039e+03     1.374000e+03     1.809203e+02     4.040209e+00    -1.647032e-03     9.022693e-08     6.471479e-11     1.371668e+03     2.020379e+00    -7.001849e-04     1.096701e-07    -6.402142e-12
    3. CH3COCH3                 1.284632e+03     2.823766e+03     1.374000e+03     1.872002e+02     4.180447e+00    -1.704202e-03     9.335877e-08     6.696108e-11     1.419280e+03     2.090508e+00    -7.244888e-04     1.134768e-07    -6.624365e-12
    4. N2                       1.037719e+03     1.169485e+03     1.000000e+03     9.790364e+02     4.179609e-01    -1.176271e-03     1.674383e-06    -7.256245e-10     8.686164e+02     4.416266e-01    -1.687218e-04     2.996768e-08    -2.004372e-12

 ----------------------------------------------------------------------------------------------------------------------------------------------------------------------------------------------------------------------------------------------------------


 -------------------------------------------------------------------------------------------------------------------------------------------------------------------------------------------------------------------------------------------------------------------------------------------
                           ENTHALPY COEFFICIENTS                                                                     

             H/(RT) = A + B*T + C*T^2 + D*T^3 + E*T^4 + F/T  [-]                                                         

    Species                   H(298K)[J/kmol]  H(1000K)[J/kmol]      LT-HT            A(LT)            B(LT)            C(LT)            D(LT)            E(LT)           F(LT)             A(HT)            B(HT)            C(HT)           D(HT)             E(HT)            F(HT)      
 -------------------------------------------------------------------------------------------------------------------------------------------------------------------------------------------------------------------------------------------------------------------------------------------

    1. H2                      -1.882892e+03     2.066684e+07     1.000000e+03     3.298124e+00     4.124721e-04    -2.714338e-07    -2.368859e-11     8.269744e-14    -1.012521e+03     2.991422e+00     3.500322e-04    -1.877943e-08    -2.307895e-12     3.165504e-16    -8.350335e+02
    2. CH3CHOHCH3              -2.157604e+08    -1.275078e+08     1.374000e+03     1.307672e+00     1.460109e-02    -3.968187e-06     1.630375e-10     9.355024e-14    -2.753283e+04     9.914266e+00     7.301535e-03    -1.686953e-06     1.981707e-10    -9.254793e-15    -3.111681e+04
    3. CH3COCH3                -2.157604e+08    -1.275078e+08     1.374000e+03     1.307672e+00     1.460109e-02    -3.968187e-06     1.630375e-10     9.355024e-14    -2.753283e+04     9.914266e+00     7.301535e-03    -1.686953e-06     1.981707e-10    -9.254793e-15    -3.111681e+04
    4. N2                      -2.931729e+03     2.146986e+07     1.000000e+03     3.298677e+00     7.041200e-04    -1.321074e-06     1.410379e-09    -4.889708e-13    -1.020900e+03     2.926638e+00     7.439885e-04    -1.894920e-07     2.524260e-11    -1.350670e-15    -9.227954e+02

 -------------------------------------------------------------------------------------------------------------------------------------------------------------------------------------------------------------------------------------------------------------------------------------------


 -------------------------------------------------------------------------------------------------------------------------------------------------------------------------------------------------------------------------------------------------------------------------------------------
                             ENTROPY COEFFICIENTS                                                                     

             S/R = A*lnT + B*T + C*T^2 + D*T^3 + E*T^4 + F  [-]                                                         

    Species                 S(298K)[J/kmol/K] S(1000K)[J/kmol/K]     LT-HT            A(LT)            B(LT)            C(LT)            D(LT)            E(LT)           F(LT)             A(HT)            B(HT)            C(HT)           D(HT)             E(HT)            F(HT)      
 -------------------------------------------------------------------------------------------------------------------------------------------------------------------------------------------------------------------------------------------------------------------------------------------

    1. H2                       1.305810e+05     1.661073e+05     1.000000e+03     3.298124e+00     8.249441e-04    -4.071507e-07    -3.158478e-11     1.033718e-13    -3.294094e+00     2.991422e+00     7.000644e-04    -2.816914e-08    -3.077193e-12     3.956880e-16    -1.355106e+00
    2. CH3CHOHCH3               2.932491e+05     4.344871e+05     1.374000e+03     1.307672e+00     2.920217e-02    -5.952281e-06     2.173834e-10     1.169378e-13     1.963950e+01     9.914266e+00     1.460307e-02    -2.530429e-06     2.642276e-10    -1.156849e-14    -2.861165e+01
    3. CH3COCH3                 2.932491e+05     4.344871e+05     1.374000e+03     1.307672e+00     2.920217e-02    -5.952281e-06     2.173834e-10     1.169378e-13     1.963950e+01     9.914266e+00     1.460307e-02    -2.530429e-06     2.642276e-10    -1.156849e-14    -2.861165e+01
    4. N2                       1.914976e+05     2.280885e+05     1.000000e+03     3.298677e+00     1.408240e-03    -1.981611e-06     1.880505e-09    -6.112135e-13     3.950372e+00     2.926638e+00     1.487977e-03    -2.842380e-07     3.365680e-11    -1.688338e-15     5.980540e+00

 -------------------------------------------------------------------------------------------------------------------------------------------------------------------------------------------------------------------------------------------------------------------------------------------


